<?xml version="1.0" encoding="UTF-8"?>
<testsuite name="task2.ClassTest" tests="1" skipped="0" failures="0" errors="0" timestamp="2022-11-15T15:16:59" hostname="DESKTOP-A7AHFI2" time="0.02">
  <properties/>
  <testcase name="SortStudentsByNameTest03()" classname="task2.ClassTest" time="0.02"/>
  <system-out><![CDATA[]]></system-out>
  <system-err><![CDATA[]]></system-err>
</testsuite>
